android/build/intermediates/manifest_merge_blame_file/debug/manifest-merger-blame-debug-report.txt
1<?xml version="1.0" encoding="utf-8"?>
2<!-- AndroidManifest.xml -->
3<manifest xmlns:android="http://schemas.android.com/apk/res/android"
4    package="com.reactlibrary" >
5
6    <uses-sdk android:minSdkVersion="23" />
7
8    <application>
8-->src\main\AndroidManifest.xml:5:5-18:19
9        <activity
9-->src\main\AndroidManifest.xml:6:9-11:11
10            android:name="io.flutter.embedding.android.FlutterActivity"
10-->src\main\AndroidManifest.xml:7:13-72
11            android:configChanges="orientation|keyboardHidden|keyboard|screenSize|locale|layoutDirection|fontScale|screenLayout|density|uiMode"
11-->src\main\AndroidManifest.xml:8:13-144
12            android:hardwareAccelerated="true"
12-->src\main\AndroidManifest.xml:9:13-47
13            android:windowSoftInputMode="adjustResize" />
13-->src\main\AndroidManifest.xml:10:13-55
14        <activity
14-->src\main\AndroidManifest.xml:12:9-17:11
15            android:name="com.reactlibrary.FlutterStarterActivity"
15-->src\main\AndroidManifest.xml:13:13-51
16            android:configChanges="orientation|keyboardHidden|keyboard|screenSize|locale|layoutDirection|fontScale|screenLayout|density|uiMode"
16-->src\main\AndroidManifest.xml:14:13-144
17            android:hardwareAccelerated="true"
17-->src\main\AndroidManifest.xml:15:13-47
18            android:windowSoftInputMode="adjustResize" />
18-->src\main\AndroidManifest.xml:16:13-55
19    </application>
20
21</manifest>